2023-03-22 10:39:02,227:WARNING:C:\Users\Ramya\anaconda3\lib\site-packages\plotly_resampler\aggregation\aggregators.py:25: UserWarning: Could not import lttbc; will use a (slower) python alternative.
  warnings.warn("Could not import lttbc; will use a (slower) python alternative.")

2023-03-22 10:39:59,379:WARNING:
'cuml' is a soft dependency and not included in the pycaret installation. Please run: `pip install cuml` to install.
2023-03-22 10:39:59,379:WARNING:
'cuml' is a soft dependency and not included in the pycaret installation. Please run: `pip install cuml` to install.
2023-03-22 10:39:59,385:WARNING:
'cuml' is a soft dependency and not included in the pycaret installation. Please run: `pip install cuml` to install.
2023-03-22 10:39:59,385:WARNING:
'cuml' is a soft dependency and not included in the pycaret installation. Please run: `pip install cuml` to install.
2023-03-22 10:40:18,944:WARNING:
'prophet' is a soft dependency and not included in the pycaret installation. Please run: `pip install prophet` to install.
2023-03-22 10:47:15,348:WARNING:C:\Users\Ramya\anaconda3\lib\site-packages\plotly_resampler\aggregation\aggregators.py:25: UserWarning: Could not import lttbc; will use a (slower) python alternative.
  warnings.warn("Could not import lttbc; will use a (slower) python alternative.")

2023-03-22 10:47:52,574:WARNING:
'cuml' is a soft dependency and not included in the pycaret installation. Please run: `pip install cuml` to install.
2023-03-22 10:47:52,574:WARNING:
'cuml' is a soft dependency and not included in the pycaret installation. Please run: `pip install cuml` to install.
2023-03-22 10:47:52,574:WARNING:
'cuml' is a soft dependency and not included in the pycaret installation. Please run: `pip install cuml` to install.
2023-03-22 10:47:52,574:WARNING:
'cuml' is a soft dependency and not included in the pycaret installation. Please run: `pip install cuml` to install.
2023-03-22 10:48:03,411:WARNING:
'prophet' is a soft dependency and not included in the pycaret installation. Please run: `pip install prophet` to install.
2023-03-22 10:56:17,556:WARNING:C:\Users\Ramya\anaconda3\lib\site-packages\plotly_resampler\aggregation\aggregators.py:25: UserWarning: Could not import lttbc; will use a (slower) python alternative.
  warnings.warn("Could not import lttbc; will use a (slower) python alternative.")

2023-03-22 10:56:34,907:WARNING:
'cuml' is a soft dependency and not included in the pycaret installation. Please run: `pip install cuml` to install.
2023-03-22 10:56:34,907:WARNING:
'cuml' is a soft dependency and not included in the pycaret installation. Please run: `pip install cuml` to install.
2023-03-22 10:56:34,907:WARNING:
'cuml' is a soft dependency and not included in the pycaret installation. Please run: `pip install cuml` to install.
2023-03-22 10:56:34,907:WARNING:
'cuml' is a soft dependency and not included in the pycaret installation. Please run: `pip install cuml` to install.
2023-03-22 10:56:42,379:WARNING:
'prophet' is a soft dependency and not included in the pycaret installation. Please run: `pip install prophet` to install.
2023-03-22 12:11:59,572:WARNING:C:\Users\Ramya\anaconda3\lib\site-packages\plotly_resampler\aggregation\aggregators.py:25: UserWarning: Could not import lttbc; will use a (slower) python alternative.
  warnings.warn("Could not import lttbc; will use a (slower) python alternative.")

2023-03-22 12:12:40,461:WARNING:
'cuml' is a soft dependency and not included in the pycaret installation. Please run: `pip install cuml` to install.
2023-03-22 12:12:40,462:WARNING:
'cuml' is a soft dependency and not included in the pycaret installation. Please run: `pip install cuml` to install.
2023-03-22 12:12:40,462:WARNING:
'cuml' is a soft dependency and not included in the pycaret installation. Please run: `pip install cuml` to install.
2023-03-22 12:12:40,462:WARNING:
'cuml' is a soft dependency and not included in the pycaret installation. Please run: `pip install cuml` to install.
2023-03-22 12:12:57,794:WARNING:
'prophet' is a soft dependency and not included in the pycaret installation. Please run: `pip install prophet` to install.
2023-03-22 12:18:01,782:WARNING:C:\Users\Ramya\anaconda3\lib\site-packages\plotly_resampler\aggregation\aggregators.py:25: UserWarning: Could not import lttbc; will use a (slower) python alternative.
  warnings.warn("Could not import lttbc; will use a (slower) python alternative.")

2023-03-22 12:18:31,475:WARNING:
'cuml' is a soft dependency and not included in the pycaret installation. Please run: `pip install cuml` to install.
2023-03-22 12:18:31,476:WARNING:
'cuml' is a soft dependency and not included in the pycaret installation. Please run: `pip install cuml` to install.
2023-03-22 12:18:31,476:WARNING:
'cuml' is a soft dependency and not included in the pycaret installation. Please run: `pip install cuml` to install.
2023-03-22 12:18:31,476:WARNING:
'cuml' is a soft dependency and not included in the pycaret installation. Please run: `pip install cuml` to install.
2023-03-22 12:18:38,711:WARNING:
'prophet' is a soft dependency and not included in the pycaret installation. Please run: `pip install prophet` to install.
2023-03-22 23:08:02,606:WARNING:C:\Users\Ramya\anaconda3\lib\site-packages\plotly_resampler\aggregation\aggregators.py:25: UserWarning: Could not import lttbc; will use a (slower) python alternative.
  warnings.warn("Could not import lttbc; will use a (slower) python alternative.")

2023-03-22 23:08:52,825:WARNING:
'cuml' is a soft dependency and not included in the pycaret installation. Please run: `pip install cuml` to install.
2023-03-22 23:08:52,825:WARNING:
'cuml' is a soft dependency and not included in the pycaret installation. Please run: `pip install cuml` to install.
2023-03-22 23:08:52,825:WARNING:
'cuml' is a soft dependency and not included in the pycaret installation. Please run: `pip install cuml` to install.
2023-03-22 23:08:52,825:WARNING:
'cuml' is a soft dependency and not included in the pycaret installation. Please run: `pip install cuml` to install.
2023-03-22 23:09:19,801:WARNING:
'prophet' is a soft dependency and not included in the pycaret installation. Please run: `pip install prophet` to install.
2023-03-22 23:18:28,750:WARNING:C:\Users\Ramya\anaconda3\lib\site-packages\plotly_resampler\aggregation\aggregators.py:25: UserWarning: Could not import lttbc; will use a (slower) python alternative.
  warnings.warn("Could not import lttbc; will use a (slower) python alternative.")

2023-03-22 23:19:10,681:WARNING:
'cuml' is a soft dependency and not included in the pycaret installation. Please run: `pip install cuml` to install.
2023-03-22 23:19:10,681:WARNING:
'cuml' is a soft dependency and not included in the pycaret installation. Please run: `pip install cuml` to install.
2023-03-22 23:19:10,681:WARNING:
'cuml' is a soft dependency and not included in the pycaret installation. Please run: `pip install cuml` to install.
2023-03-22 23:19:10,681:WARNING:
'cuml' is a soft dependency and not included in the pycaret installation. Please run: `pip install cuml` to install.
2023-03-22 23:19:24,537:WARNING:
'prophet' is a soft dependency and not included in the pycaret installation. Please run: `pip install prophet` to install.
